Determining if the pthread_create exist failed with the following output:
Change Dir: /home/localguest/Documents/googletest/build/CMakeFiles/CMakeTmp

Run Build Command:"/usr/bin/make" "cmTryCompileExec135479530/fast"
/usr/bin/make -f CMakeFiles/cmTryCompileExec135479530.dir/build.make CMakeFiles/cmTryCompileExec135479530.dir/build
make[1]: Entering directory `/home/localguest/Documents/googletest/build/CMakeFiles/CMakeTmp'
/usr/local/bin/cmake -E cmake_progress_report /home/localguest/Documents/googletest/build/CMakeFiles/CMakeTmp/CMakeFiles 1
Building C object CMakeFiles/cmTryCompileExec135479530.dir/CheckSymbolExists.c.o
/usr/bin/cc    -o CMakeFiles/cmTryCompileExec135479530.dir/CheckSymbolExists.c.o   -c /home/localguest/Documents/googletest/build/CMakeFiles/CMakeTmp/CheckSymbolExists.c
Linking C executable cmTryCompileExec135479530
/usr/local/bin/cmake -E cmake_link_script CMakeFiles/cmTryCompileExec135479530.dir/link.txt --verbose=1
/usr/bin/cc       CMakeFiles/cmTryCompileExec135479530.dir/CheckSymbolExists.c.o  -o cmTryCompileExec135479530 -rdynamic 
CMakeFiles/cmTryCompileExec135479530.dir/CheckSymbolExists.c.o: In function `main':
CheckSymbolExists.c:(.text+0x16): undefined reference to `pthread_create'
collect2: error: ld returned 1 exit status
make[1]: Leaving directory `/home/localguest/Documents/googletest/build/CMakeFiles/CMakeTmp'
make[1]: *** [cmTryCompileExec135479530] Error 1
make: *** [cmTryCompileExec135479530/fast] Error 2

File /home/localguest/Documents/googletest/build/CMakeFiles/CMakeTmp/CheckSymbolExists.c:
/* */
#include <pthread.h>

int main(int argc, char** argv)
{
  (void)argv;
#ifndef pthread_create
  return ((int*)(&pthread_create))[argc];
#else
  (void)argc;
  return 0;
#endif
}

